TN:
SF:src/App.ts
FN:15,(anonymous_1)
FN:37,(anonymous_2)
FN:46,(anonymous_3)
FN:60,(anonymous_4)
FN:66,(anonymous_5)
FN:70,(anonymous_6)
FNF:6
FNH:6
FNDA:2,(anonymous_1)
FNDA:2,(anonymous_2)
FNDA:2,(anonymous_3)
FNDA:1,(anonymous_4)
FNDA:2,(anonymous_5)
FNDA:2,(anonymous_6)
DA:1,2
DA:2,2
DA:3,2
DA:4,2
DA:5,2
DA:6,2
DA:7,2
DA:8,2
DA:10,2
DA:16,2
DA:17,2
DA:20,2
DA:23,2
DA:26,2
DA:29,2
DA:30,2
DA:38,2
DA:39,2
DA:40,2
DA:50,2
DA:51,2
DA:52,2
DA:54,2
DA:57,2
DA:63,1
DA:67,2
DA:71,2
LF:27
LH:27
BRDA:29,0,0,2
BRDA:29,1,0,2
BRDA:29,1,1,2
BRF:3
BRH:3
end_of_record
TN:
SF:src/global.ts
FN:9,(anonymous_0)
FNF:1
FNH:1
FNDA:2,(anonymous_0)
DA:9,2
DA:10,2
LF:2
LH:2
BRF:0
BRH:0
end_of_record
TN:
SF:src/routes.ts
FN:8,registerRoutes
FNF:1
FNH:1
FNDA:2,registerRoutes
DA:1,2
DA:2,2
DA:8,2
DA:9,2
DA:12,2
DA:13,2
DA:15,2
LF:7
LH:7
BRF:0
BRH:0
end_of_record
TN:
SF:src/abstractions/ApiError.ts
FN:19,(anonymous_0)
FNF:1
FNH:1
FNDA:1,(anonymous_0)
DA:13,1
DA:15,1
DA:20,1
DA:21,1
DA:22,1
DA:23,1
DA:27,2
LF:7
LH:7
BRDA:19,0,0,1
BRF:1
BRH:1
end_of_record
TN:
SF:src/components/BaseApi.ts
FN:14,(anonymous_1)
FN:25,(anonymous_2)
FNF:2
FNH:2
FNDA:2,(anonymous_1)
FNDA:4,(anonymous_2)
DA:1,2
DA:2,2
DA:5,2
DA:6,2
DA:11,2
DA:15,2
DA:26,4
DA:27,4
DA:28,4
DA:29,4
DA:31,4
DA:32,0
DA:34,4
LF:13
LH:12
BRDA:25,0,0,4
BRDA:28,1,0,4
BRDA:28,2,0,4
BRDA:28,2,1,4
BRDA:31,3,0,0
BRF:5
BRH:4
end_of_record
TN:
SF:src/components/system-status/system-status.controller.ts
FN:21,(anonymous_7)
FN:28,(anonymous_8)
FN:43,(anonymous_9)
FN:70,(anonymous_10)
FN:85,(anonymous_11)
FN:106,(anonymous_12)
FN:136,(anonymous_13)
FNF:7
FNH:7
FNDA:2,(anonymous_7)
FNDA:2,(anonymous_8)
FNDA:1,(anonymous_9)
FNDA:1,(anonymous_10)
FNDA:1,(anonymous_11)
FNDA:1,(anonymous_12)
FNDA:1,(anonymous_13)
DA:2,2
DA:3,2
DA:4,2
DA:8,2
DA:9,2
DA:15,2
DA:22,2
DA:29,2
DA:30,2
DA:31,2
DA:32,2
DA:33,2
DA:34,2
DA:44,1
DA:45,1
DA:56,1
DA:58,1
DA:60,0
DA:71,1
DA:72,1
DA:75,1
DA:86,1
DA:87,1
DA:88,1
DA:89,1
DA:93,1
DA:94,1
DA:96,0
DA:107,1
DA:108,1
DA:109,1
DA:110,1
DA:112,1
DA:123,1
DA:124,1
DA:126,0
DA:137,1
DA:138,1
DA:147,1
DA:148,1
DA:150,0
LF:41
LH:37
BRF:0
BRH:0
end_of_record
TN:
SF:src/environments/environment.constant.ts
FN:1,(anonymous_0)
FN:10,(anonymous_1)
FNF:2
FNH:2
FNDA:4,(anonymous_0)
FNDA:4,(anonymous_1)
DA:1,4
DA:2,4
DA:3,4
DA:4,4
DA:5,4
DA:6,4
DA:7,4
DA:10,4
DA:11,4
DA:12,4
DA:13,4
DA:14,4
DA:15,4
DA:16,4
DA:20,4
DA:21,4
LF:16
LH:16
BRDA:1,0,0,4
BRDA:1,0,1,4
BRDA:10,1,0,4
BRDA:10,1,1,4
BRF:4
BRH:4
end_of_record
TN:
SF:src/environments/environment.ts
FN:22,(anonymous_6)
FN:35,(anonymous_7)
FN:43,(anonymous_8)
FN:73,(anonymous_9)
FN:81,(anonymous_10)
FN:89,(anonymous_11)
FN:97,(anonymous_12)
FNF:7
FNH:7
FNDA:14,(anonymous_6)
FNDA:26,(anonymous_7)
FNDA:18,(anonymous_8)
FNDA:5,(anonymous_9)
FNDA:4,(anonymous_10)
FNDA:7,(anonymous_11)
FNDA:1,(anonymous_12)
DA:1,4
DA:2,4
DA:3,4
DA:5,4
DA:23,14
DA:24,14
DA:25,14
DA:26,14
DA:27,14
DA:28,14
DA:36,26
DA:45,18
DA:46,18
DA:47,18
DA:49,1
DA:50,1
DA:52,12
DA:53,12
DA:55,1
DA:56,1
DA:58,2
DA:59,2
DA:61,2
DA:63,18
DA:64,2
DA:66,16
DA:74,5
DA:82,4
DA:90,7
DA:98,1
DA:103,4
LF:31
LH:31
BRDA:23,0,0,14
BRDA:23,0,1,8
BRDA:23,0,2,1
BRDA:25,1,0,14
BRDA:25,1,1,1
BRDA:45,2,0,18
BRDA:45,2,1,1
BRDA:47,3,0,1
BRDA:47,3,1,12
BRDA:47,3,2,1
BRDA:47,3,3,2
BRDA:47,3,4,2
BRDA:63,4,0,2
BRDA:82,5,0,4
BRDA:82,5,1,4
BRF:15
BRH:15
end_of_record
TN:
SF:src/lib/crypto.ts
FN:26,(anonymous_6)
FN:66,(anonymous_7)
FNF:2
FNH:2
FNDA:3,(anonymous_6)
FNDA:3,(anonymous_7)
DA:1,3
DA:3,3
DA:7,3
DA:13,3
DA:17,3
DA:20,3
DA:23,3
DA:28,3
DA:29,3
DA:32,3
DA:35,3
DA:42,3
DA:49,3
DA:54,3
DA:57,3
DA:60,3
DA:63,3
DA:68,3
DA:69,3
DA:73,3
DA:76,3
DA:79,3
DA:82,3
DA:85,3
DA:88,3
DA:91,3
DA:97,3
DA:101,3
DA:104,3
LF:29
LH:29
BRF:0
BRH:0
end_of_record
TN:
SF:src/lib/logger.ts
FNF:0
FNH:0
DA:1,2
DA:3,2
DA:5,2
DA:7,2
DA:8,0
DA:11,2
DA:19,2
LF:7
LH:6
BRDA:7,0,0,0
BRF:1
BRH:0
end_of_record
TN:
SF:src/middleware/error-handler.ts
FN:10,(anonymous_7)
FNF:1
FNH:1
FNDA:1,(anonymous_7)
DA:1,2
DA:3,2
DA:7,2
DA:8,2
DA:10,2
DA:16,1
DA:17,1
DA:18,1
DA:25,1
DA:34,1
DA:35,0
DA:37,1
DA:38,0
DA:40,1
DA:42,1
DA:45,2
LF:16
LH:14
BRDA:16,0,0,1
BRDA:17,1,0,1
BRDA:17,1,1,0
BRDA:27,2,0,1
BRDA:27,2,1,0
BRDA:34,3,0,0
BRDA:37,4,0,0
BRF:7
BRH:3
end_of_record
