TN:
SF:src/App.ts
FN:16,(anonymous_1)
FN:39,(anonymous_2)
FN:48,(anonymous_3)
FN:68,(anonymous_4)
FN:78,(anonymous_5)
FN:85,(anonymous_6)
FNF:6
FNH:6
FNDA:2,(anonymous_1)
FNDA:2,(anonymous_2)
FNDA:2,(anonymous_3)
FNDA:1,(anonymous_4)
FNDA:2,(anonymous_5)
FNDA:2,(anonymous_6)
DA:1,2
DA:2,2
DA:3,2
DA:4,2
DA:5,2
DA:6,2
DA:7,2
DA:8,2
DA:9,2
DA:11,2
DA:17,2
DA:18,2
DA:19,2
DA:22,2
DA:25,2
DA:28,2
DA:31,2
DA:32,2
DA:40,2
DA:41,2
DA:42,2
DA:52,2
DA:53,2
DA:54,2
DA:58,2
DA:65,2
DA:75,1
DA:82,2
DA:86,2
LF:29
LH:29
BRDA:31,0,0,2
BRDA:31,1,0,2
BRDA:31,1,1,2
BRF:3
BRH:3
end_of_record
TN:
SF:src/routes.ts
FN:6,registerControllerRoutes
FN:8,(anonymous_2)
FN:36,registerRoutes
FN:44,(anonymous_4)
FNF:4
FNH:4
FNDA:2,registerControllerRoutes
FNDA:18,(anonymous_2)
FNDA:2,registerRoutes
FNDA:2,(anonymous_4)
DA:1,2
DA:2,2
DA:7,2
DA:8,2
DA:9,18
DA:11,10
DA:12,10
DA:14,2
DA:15,2
DA:17,2
DA:18,2
DA:20,2
DA:21,2
DA:23,2
DA:24,2
DA:26,0
DA:29,2
DA:36,2
DA:37,2
DA:40,2
DA:44,2
DA:46,2
DA:49,2
LF:23
LH:22
BRDA:9,0,0,10
BRDA:9,0,1,2
BRDA:9,0,2,2
BRDA:9,0,3,2
BRDA:9,0,4,2
BRDA:9,0,5,0
BRF:6
BRH:5
end_of_record
TN:
SF:src/abstractions/ApiError.ts
FN:19,(anonymous_0)
FNF:1
FNH:1
FNDA:2,(anonymous_0)
DA:13,2
DA:15,2
DA:20,2
DA:21,2
DA:22,2
DA:23,2
DA:27,3
LF:7
LH:7
BRDA:19,0,0,2
BRF:1
BRH:1
end_of_record
TN:
SF:src/components/BaseController.ts
FN:17,(anonymous_0)
FNF:1
FNH:1
FNDA:6,(anonymous_0)
DA:2,3
DA:3,3
DA:9,3
DA:18,6
DA:19,6
LF:5
LH:5
BRDA:17,0,0,6
BRF:1
BRH:1
end_of_record
TN:
SF:src/components/system-status/SystemStatusController.ts
FN:18,(anonymous_7)
FN:25,(anonymous_8)
FN:47,(anonymous_9)
FN:78,(anonymous_10)
FN:93,(anonymous_11)
FN:120,(anonymous_12)
FN:154,(anonymous_13)
FNF:7
FNH:7
FNDA:3,(anonymous_7)
FNDA:2,(anonymous_8)
FNDA:4,(anonymous_9)
FNDA:2,(anonymous_10)
FNDA:3,(anonymous_11)
FNDA:3,(anonymous_12)
FNDA:3,(anonymous_13)
DA:2,3
DA:3,3
DA:4,3
DA:5,3
DA:6,3
DA:18,3
DA:20,3
DA:26,2
DA:52,4
DA:53,4
DA:64,4
DA:66,4
DA:68,3
DA:79,2
DA:80,2
DA:83,2
DA:98,3
DA:99,3
DA:100,3
DA:103,3
DA:107,3
DA:108,3
DA:110,2
DA:125,3
DA:126,3
DA:127,3
DA:128,3
DA:130,3
DA:141,3
DA:142,3
DA:144,2
DA:159,3
DA:160,3
DA:169,3
DA:170,3
DA:172,2
LF:36
LH:36
BRF:0
BRH:0
end_of_record
TN:
SF:src/lib/crypto.ts
FN:23,(anonymous_6)
FN:71,(anonymous_7)
FNF:2
FNH:2
FNDA:4,(anonymous_6)
FNDA:3,(anonymous_7)
DA:1,5
DA:3,5
DA:5,5
DA:11,5
DA:15,5
DA:18,5
DA:21,5
DA:25,4
DA:26,4
DA:29,4
DA:32,4
DA:45,4
DA:52,4
DA:57,4
DA:60,4
DA:63,4
DA:68,4
DA:73,3
DA:74,3
DA:78,3
DA:81,3
DA:90,3
DA:96,3
DA:99,3
DA:102,3
DA:105,3
DA:111,3
DA:115,3
DA:118,3
LF:29
LH:29
BRF:0
BRH:0
end_of_record
TN:
SF:src/lib/logger.ts
FNF:0
FNH:0
DA:1,2
DA:3,2
DA:7,2
DA:15,2
LF:4
LH:4
BRF:0
BRH:0
end_of_record
TN:
SF:src/middleware/error-handler.ts
FN:9,(anonymous_1)
FNF:1
FNH:1
FNDA:4,(anonymous_1)
DA:1,3
DA:3,3
DA:5,3
DA:6,3
DA:9,3
DA:15,4
DA:16,3
DA:17,3
DA:18,3
DA:26,3
DA:34,3
DA:36,3
DA:38,1
DA:43,3
LF:14
LH:14
BRDA:15,0,0,3
BRDA:15,0,1,1
BRDA:16,1,0,3
BRDA:16,1,1,1
BRDA:17,2,0,3
BRDA:17,2,1,1
BRF:6
BRH:6
end_of_record
TN:
SF:src/utils/index.ts
FN:3,getEncryptedText
FNF:1
FNH:1
FNDA:11,getEncryptedText
DA:1,4
DA:4,11
DA:5,11
DA:8,11
DA:10,3
DA:11,3
DA:14,8
DA:17,4
DA:20,4
LF:9
LH:9
BRDA:8,0,0,3
BRDA:8,1,0,11
BRDA:8,1,1,4
BRDA:10,2,0,1
BRDA:10,2,1,2
BRF:5
BRH:5
end_of_record
